[2021-06-29 13:51:14] local.ERROR: Method App\Http\Controllers\PassportAuthController::reportException does not exist. {"foo":"bar","exception":"[object] (BadMethodCallException(code: 0): Method App\\Http\\Controllers\\PassportAuthController::reportException does not exist. at C:\\Users\\HT\\Desktop\\UtilityQLCL9-tvgspa2-DLL ULTILITY-GSXD_xll\\apiLinkQlda\\vendor\\laravel\\framework\\src\\Illuminate\\Routing\\Controller.php:68)
[stacktrace]
#0 C:\\Users\\HT\\Desktop\\UtilityQLCL9-tvgspa2-DLL ULTILITY-GSXD_xll\\apiLinkQlda\\app\\Http\\Controllers\\PassportAuthController.php(76): Illuminate\\Routing\\Controller->__call('reportException', Array)
#1 C:\\Users\\HT\\Desktop\\UtilityQLCL9-tvgspa2-DLL ULTILITY-GSXD_xll\\apiLinkQlda\\vendor\\laravel\\framework\\src\\Illuminate\\Routing\\Controller.php(54): App\\Http\\Controllers\\PassportAuthController->register(Object(App\\Http\\Requests\uleRegister))
#2 C:\\Users\\HT\\Desktop\\UtilityQLCL9-tvgspa2-DLL ULTILITY-GSXD_xll\\apiLinkQlda\\vendor\\laravel\\framework\\src\\Illuminate\\Routing\\ControllerDispatcher.php(45): Illuminate\\Routing\\Controller->callAction('register', Array)
#3 C:\\Users\\HT\\Desktop\\UtilityQLCL9-tvgspa2-DLL ULTILITY-GSXD_xll\\apiLinkQlda\\vendor\\laravel\\framework\\src\\Illuminate\\Routing\\Route.php(254): Illuminate\\Routing\\ControllerDispatcher->dispatch(Object(Illuminate\\Routing\\Route), Object(App\\Http\\Controllers\\PassportAuthController), 'register')
#4 C:\\Users\\HT\\Desktop\\UtilityQLCL9-tvgspa2-DLL ULTILITY-GSXD_xll\\apiLinkQlda\\vendor\\laravel\\framework\\src\\Illuminate\\Routing\\Route.php(197): Illuminate\\Routing\\Route->runController()
#5 C:\\Users\\HT\\Desktop\\UtilityQLCL9-tvgspa2-DLL ULTILITY-GSXD_xll\\apiLinkQlda\\vendor\\laravel\\framework\\src\\Illuminate\\Routing\\Router.php(695): Illuminate\\Routing\\Route->run()
#6 C:\\Users\\HT\\Desktop\\UtilityQLCL9-tvgspa2-DLL ULTILITY-GSXD_xll\\apiLinkQlda\\vendor\\laravel\\framework\\src\\Illuminate\\Pipeline\\Pipeline.php(128): Illuminate\\Routing\\Router->Illuminate\\Routing\\{closure}(Object(Illuminate\\Http\\Request))
#7 C:\\Users\\HT\\Desktop\\UtilityQLCL9-tvgspa2-DLL ULTILITY-GSXD_xll\\apiLinkQlda\\vendor\\fruitcake\\laravel-cors\\src\\HandleCors.php(52): Illuminate\\Pipeline\\Pipeline->Illuminate\\Pipeline\\{closure}(Object(Illuminate\\Http\\Request))
#8 C:\\Users\\HT\\Desktop\\UtilityQLCL9-tvgspa2-DLL ULTILITY-GSXD_xll\\apiLinkQlda\\vendor\\laravel\\framework\\src\\Illuminate\\Pipeline\\Pipeline.php(167): Fruitcake\\Cors\\HandleCors->handle(Object(Illuminate\\Http\\Request), Object(Closure))
#9 C:\\Users\\HT\\Desktop\\UtilityQLCL9-tvgspa2-DLL ULTILITY-GSXD_xll\\apiLinkQlda\\vendor\\laravel\\framework\\src\\Illuminate\\Routing\\Middleware\\SubstituteBindings.php(50): Illuminate\\Pipeline\\Pipeline->Illuminate\\Pipeline\\{closure}(Object(Illuminate\\Http\\Request))
#10 C:\\Users\\HT\\Desktop\\UtilityQLCL9-tvgspa2-DLL ULTILITY-GSXD_xll\\apiLinkQlda\\vendor\\laravel\\framework\\src\\Illuminate\\Pipeline\\Pipeline.php(167): Illuminate\\Routing\\Middleware\\SubstituteBindings->handle(Object(Illuminate\\Http\\Request), Object(Closure))
#11 C:\\Users\\HT\\Desktop\\UtilityQLCL9-tvgspa2-DLL ULTILITY-GSXD_xll\\apiLinkQlda\\vendor\\laravel\\framework\\src\\Illuminate\\Routing\\Middleware\\ThrottleRequests.php(127): Illuminate\\Pipeline\\Pipeline->Illuminate\\Pipeline\\{closure}(Object(Illuminate\\Http\\Request))
#12 C:\\Users\\HT\\Desktop\\UtilityQLCL9-tvgspa2-DLL ULTILITY-GSXD_xll\\apiLinkQlda\\vendor\\laravel\\framework\\src\\Illuminate\\Routing\\Middleware\\ThrottleRequests.php(63): Illuminate\\Routing\\Middleware\\ThrottleRequests->handleRequest(Object(Illuminate\\Http\\Request), Object(Closure), Array)
#13 C:\\Users\\HT\\Desktop\\UtilityQLCL9-tvgspa2-DLL ULTILITY-GSXD_xll\\apiLinkQlda\\vendor\\laravel\\framework\\src\\Illuminate\\Pipeline\\Pipeline.php(167): Illuminate\\Routing\\Middleware\\ThrottleRequests->handle(Object(Illuminate\\Http\\Request), Object(Closure), '60', '1')
#14 C:\\Users\\HT\\Desktop\\UtilityQLCL9-tvgspa2-DLL ULTILITY-GSXD_xll\\apiLinkQlda\\vendor\\laravel\\framework\\src\\Illuminate\\Pipeline\\Pipeline.php(103): Illuminate\\Pipeline\\Pipeline->Illuminate\\Pipeline\\{closure}(Object(Illuminate\\Http\\Request))
#15 C:\\Users\\HT\\Desktop\\UtilityQLCL9-tvgspa2-DLL ULTILITY-GSXD_xll\\apiLinkQlda\\vendor\\laravel\\framework\\src\\Illuminate\\Routing\\Router.php(697): Illuminate\\Pipeline\\Pipeline->then(Object(Closure))
#16 C:\\Users\\HT\\Desktop\\UtilityQLCL9-tvgspa2-DLL ULTILITY-GSXD_xll\\apiLinkQlda\\vendor\\laravel\\framework\\src\\Illuminate\\Routing\\Router.php(672): Illuminate\\Routing\\Router->runRouteWithinStack(Object(Illuminate\\Routing\\Route), Object(Illuminate\\Http\\Request))
#17 C:\\Users\\HT\\Desktop\\UtilityQLCL9-tvgspa2-DLL ULTILITY-GSXD_xll\\apiLinkQlda\\vendor\\laravel\\framework\\src\\Illuminate\\Routing\\Router.php(636): Illuminate\\Routing\\Router->runRoute(Object(Illuminate\\Http\\Request), Object(Illuminate\\Routing\\Route))
#18 C:\\Users\\HT\\Desktop\\UtilityQLCL9-tvgspa2-DLL ULTILITY-GSXD_xll\\apiLinkQlda\\vendor\\laravel\\framework\\src\\Illuminate\\Routing\\Router.php(625): Illuminate\\Routing\\Router->dispatchToRoute(Object(Illuminate\\Http\\Request))
#19 C:\\Users\\HT\\Desktop\\UtilityQLCL9-tvgspa2-DLL ULTILITY-GSXD_xll\\apiLinkQlda\\vendor\\laravel\\framework\\src\\Illuminate\\Foundation\\Http\\Kernel.php(166): Illuminate\\Routing\\Router->dispatch(Object(Illuminate\\Http\\Request))
#20 C:\\Users\\HT\\Desktop\\UtilityQLCL9-tvgspa2-DLL ULTILITY-GSXD_xll\\apiLinkQlda\\vendor\\laravel\\framework\\src\\Illuminate\\Pipeline\\Pipeline.php(128): Illuminate\\Foundation\\Http\\Kernel->Illuminate\\Foundation\\Http\\{closure}(Object(Illuminate\\Http\\Request))
#21 C:\\Users\\HT\\Desktop\\UtilityQLCL9-tvgspa2-DLL ULTILITY-GSXD_xll\\apiLinkQlda\\app\\Http\\Middleware\\CheckForMaintenanceMode.php(35): Illuminate\\Pipeline\\Pipeline->Illuminate\\Pipeline\\{closure}(Object(Illuminate\\Http\\Request))
#22 C:\\Users\\HT\\Desktop\\UtilityQLCL9-tvgspa2-DLL ULTILITY-GSXD_xll\\apiLinkQlda\\vendor\\laravel\\framework\\src\\Illuminate\\Pipeline\\Pipeline.php(167): App\\Http\\Middleware\\CheckForMaintenanceMode->handle(Object(Illuminate\\Http\\Request), Object(Closure))
#23 C:\\Users\\HT\\Desktop\\UtilityQLCL9-tvgspa2-DLL ULTILITY-GSXD_xll\\apiLinkQlda\\vendor\\laravel\\framework\\src\\Illuminate\\Foundation\\Http\\Middleware\\TransformsRequest.php(21): Illuminate\\Pipeline\\Pipeline->Illuminate\\Pipeline\\{closure}(Object(Illuminate\\Http\\Request))
#24 C:\\Users\\HT\\Desktop\\UtilityQLCL9-tvgspa2-DLL ULTILITY-GSXD_xll\\apiLinkQlda\\vendor\\laravel\\framework\\src\\Illuminate\\Foundation\\Http\\Middleware\\ConvertEmptyStringsToNull.php(31): Illuminate\\Foundation\\Http\\Middleware\\TransformsRequest->handle(Object(Illuminate\\Http\\Request), Object(Closure))
#25 C:\\Users\\HT\\Desktop\\UtilityQLCL9-tvgspa2-DLL ULTILITY-GSXD_xll\\apiLinkQlda\\vendor\\laravel\\framework\\src\\Illuminate\\Pipeline\\Pipeline.php(167): Illuminate\\Foundation\\Http\\Middleware\\ConvertEmptyStringsToNull->handle(Object(Illuminate\\Http\\Request), Object(Closure))
#26 C:\\Users\\HT\\Desktop\\UtilityQLCL9-tvgspa2-DLL ULTILITY-GSXD_xll\\apiLinkQlda\\app\\Http\\Middleware\\Cors.php(19): Illuminate\\Pipeline\\Pipeline->Illuminate\\Pipeline\\{closure}(Object(Illuminate\\Http\\Request))
#27 C:\\Users\\HT\\Desktop\\UtilityQLCL9-tvgspa2-DLL ULTILITY-GSXD_xll\\apiLinkQlda\\vendor\\laravel\\framework\\src\\Illuminate\\Pipeline\\Pipeline.php(167): App\\Http\\Middleware\\Cors->handle(Object(Illuminate\\Http\\Request), Object(Closure))
#28 C:\\Users\\HT\\Desktop\\UtilityQLCL9-tvgspa2-DLL ULTILITY-GSXD_xll\\apiLinkQlda\\vendor\\laravel\\framework\\src\\Illuminate\\Foundation\\Http\\Middleware\\TransformsRequest.php(21): Illuminate\\Pipeline\\Pipeline->Illuminate\\Pipeline\\{closure}(Object(Illuminate\\Http\\Request))
#29 C:\\Users\\HT\\Desktop\\UtilityQLCL9-tvgspa2-DLL ULTILITY-GSXD_xll\\apiLinkQlda\\vendor\\laravel\\framework\\src\\Illuminate\\Foundation\\Http\\Middleware\\TrimStrings.php(40): Illuminate\\Foundation\\Http\\Middleware\\TransformsRequest->handle(Object(Illuminate\\Http\\Request), Object(Closure))
#30 C:\\Users\\HT\\Desktop\\UtilityQLCL9-tvgspa2-DLL ULTILITY-GSXD_xll\\apiLinkQlda\\vendor\\laravel\\framework\\src\\Illuminate\\Pipeline\\Pipeline.php(167): Illuminate\\Foundation\\Http\\Middleware\\TrimStrings->handle(Object(Illuminate\\Http\\Request), Object(Closure))
#31 C:\\Users\\HT\\Desktop\\UtilityQLCL9-tvgspa2-DLL ULTILITY-GSXD_xll\\apiLinkQlda\\vendor\\laravel\\framework\\src\\Illuminate\\Foundation\\Http\\Middleware\\ValidatePostSize.php(27): Illuminate\\Pipeline\\Pipeline->Illuminate\\Pipeline\\{closure}(Object(Illuminate\\Http\\Request))
#32 C:\\Users\\HT\\Desktop\\UtilityQLCL9-tvgspa2-DLL ULTILITY-GSXD_xll\\apiLinkQlda\\vendor\\laravel\\framework\\src\\Illuminate\\Pipeline\\Pipeline.php(167): Illuminate\\Foundation\\Http\\Middleware\\ValidatePostSize->handle(Object(Illuminate\\Http\\Request), Object(Closure))
#33 C:\\Users\\HT\\Desktop\\UtilityQLCL9-tvgspa2-DLL ULTILITY-GSXD_xll\\apiLinkQlda\\vendor\\fruitcake\\laravel-cors\\src\\HandleCors.php(52): Illuminate\\Pipeline\\Pipeline->Illuminate\\Pipeline\\{closure}(Object(Illuminate\\Http\\Request))
#34 C:\\Users\\HT\\Desktop\\UtilityQLCL9-tvgspa2-DLL ULTILITY-GSXD_xll\\apiLinkQlda\\vendor\\laravel\\framework\\src\\Illuminate\\Pipeline\\Pipeline.php(167): Fruitcake\\Cors\\HandleCors->handle(Object(Illuminate\\Http\\Request), Object(Closure))
#35 C:\\Users\\HT\\Desktop\\UtilityQLCL9-tvgspa2-DLL ULTILITY-GSXD_xll\\apiLinkQlda\\vendor\\fideloper\\proxy\\src\\TrustProxies.php(57): Illuminate\\Pipeline\\Pipeline->Illuminate\\Pipeline\\{closure}(Object(Illuminate\\Http\\Request))
#36 C:\\Users\\HT\\Desktop\\UtilityQLCL9-tvgspa2-DLL ULTILITY-GSXD_xll\\apiLinkQlda\\vendor\\laravel\\framework\\src\\Illuminate\\Pipeline\\Pipeline.php(167): Fideloper\\Proxy\\TrustProxies->handle(Object(Illuminate\\Http\\Request), Object(Closure))
#37 C:\\Users\\HT\\Desktop\\UtilityQLCL9-tvgspa2-DLL ULTILITY-GSXD_xll\\apiLinkQlda\\vendor\\laravel\\framework\\src\\Illuminate\\Pipeline\\Pipeline.php(103): Illuminate\\Pipeline\\Pipeline->Illuminate\\Pipeline\\{closure}(Object(Illuminate\\Http\\Request))
#38 C:\\Users\\HT\\Desktop\\UtilityQLCL9-tvgspa2-DLL ULTILITY-GSXD_xll\\apiLinkQlda\\vendor\\laravel\\framework\\src\\Illuminate\\Foundation\\Http\\Kernel.php(141): Illuminate\\Pipeline\\Pipeline->then(Object(Closure))
#39 C:\\Users\\HT\\Desktop\\UtilityQLCL9-tvgspa2-DLL ULTILITY-GSXD_xll\\apiLinkQlda\\vendor\\laravel\\framework\\src\\Illuminate\\Foundation\\Http\\Kernel.php(110): Illuminate\\Foundation\\Http\\Kernel->sendRequestThroughRouter(Object(Illuminate\\Http\\Request))
#40 C:\\Users\\HT\\Desktop\\UtilityQLCL9-tvgspa2-DLL ULTILITY-GSXD_xll\\apiLinkQlda\\public\\index.php(52): Illuminate\\Foundation\\Http\\Kernel->handle(Object(Illuminate\\Http\\Request))
#41 C:\\Users\\HT\\Desktop\\UtilityQLCL9-tvgspa2-DLL ULTILITY-GSXD_xll\\apiLinkQlda\\server.php(21): require_once('C:\\\\Users\\\\HT\\\\Des...')
#42 {main}
"} 
[2021-06-29 13:51:53] local.ERROR: SQLSTATE[42S22]: Column not found: 1054 Unknown column 'users.deleted_at' in 'where clause' (SQL: select * from `users` where `email` = user1@gmail.com and `users`.`deleted_at` is null limit 1) {"foo":"bar","exception":"[object] (Illuminate\\Database\\QueryException(code: 42S22): SQLSTATE[42S22]: Column not found: 1054 Unknown column 'users.deleted_at' in 'where clause' (SQL: select * from `users` where `email` = user1@gmail.com and `users`.`deleted_at` is null limit 1) at C:\\Users\\HT\\Desktop\\UtilityQLCL9-tvgspa2-DLL ULTILITY-GSXD_xll\\apiLinkQlda\\vendor\\laravel\\framework\\src\\Illuminate\\Database\\Connection.php:678)
[stacktrace]
#0 C:\\Users\\HT\\Desktop\\UtilityQLCL9-tvgspa2-DLL ULTILITY-GSXD_xll\\apiLinkQlda\\vendor\\laravel\\framework\\src\\Illuminate\\Database\\Connection.php(638): Illuminate\\Database\\Connection->runQueryCallback('select * from `...', Array, Object(Closure))
#1 C:\\Users\\HT\\Desktop\\UtilityQLCL9-tvgspa2-DLL ULTILITY-GSXD_xll\\apiLinkQlda\\vendor\\laravel\\framework\\src\\Illuminate\\Database\\Connection.php(346): Illuminate\\Database\\Connection->run('select * from `...', Array, Object(Closure))
#2 C:\\Users\\HT\\Desktop\\UtilityQLCL9-tvgspa2-DLL ULTILITY-GSXD_xll\\apiLinkQlda\\vendor\\laravel\\framework\\src\\Illuminate\\Database\\Query\\Builder.php(2315): Illuminate\\Database\\Connection->select('select * from `...', Array, true)
#3 C:\\Users\\HT\\Desktop\\UtilityQLCL9-tvgspa2-DLL ULTILITY-GSXD_xll\\apiLinkQlda\\vendor\\laravel\\framework\\src\\Illuminate\\Database\\Query\\Builder.php(2303): Illuminate\\Database\\Query\\Builder->runSelect()
#4 C:\\Users\\HT\\Desktop\\UtilityQLCL9-tvgspa2-DLL ULTILITY-GSXD_xll\\apiLinkQlda\\vendor\\laravel\\framework\\src\\Illuminate\\Database\\Query\\Builder.php(2867): Illuminate\\Database\\Query\\Builder->Illuminate\\Database\\Query\\{closure}()
#5 C:\\Users\\HT\\Desktop\\UtilityQLCL9-tvgspa2-DLL ULTILITY-GSXD_xll\\apiLinkQlda\\vendor\\laravel\\framework\\src\\Illuminate\\Database\\Query\\Builder.php(2304): Illuminate\\Database\\Query\\Builder->onceWithColumns(Array, Object(Closure))
#6 C:\\Users\\HT\\Desktop\\UtilityQLCL9-tvgspa2-DLL ULTILITY-GSXD_xll\\apiLinkQlda\\vendor\\laravel\\framework\\src\\Illuminate\\Database\\Eloquent\\Builder.php(598): Illuminate\\Database\\Query\\Builder->get(Array)
#7 C:\\Users\\HT\\Desktop\\UtilityQLCL9-tvgspa2-DLL ULTILITY-GSXD_xll\\apiLinkQlda\\vendor\\laravel\\framework\\src\\Illuminate\\Database\\Eloquent\\Builder.php(582): Illuminate\\Database\\Eloquent\\Builder->getModels(Array)
#8 C:\\Users\\HT\\Desktop\\UtilityQLCL9-tvgspa2-DLL ULTILITY-GSXD_xll\\apiLinkQlda\\vendor\\laravel\\framework\\src\\Illuminate\\Database\\Concerns\\BuildsQueries.php(254): Illuminate\\Database\\Eloquent\\Builder->get(Array)
#9 C:\\Users\\HT\\Desktop\\UtilityQLCL9-tvgspa2-DLL ULTILITY-GSXD_xll\\apiLinkQlda\\vendor\\laravel\\framework\\src\\Illuminate\\Auth\\EloquentUserProvider.php(131): Illuminate\\Database\\Eloquent\\Builder->first()
#10 C:\\Users\\HT\\Desktop\\UtilityQLCL9-tvgspa2-DLL ULTILITY-GSXD_xll\\apiLinkQlda\\vendor\\laravel\\framework\\src\\Illuminate\\Auth\\SessionGuard.php(359): Illuminate\\Auth\\EloquentUserProvider->retrieveByCredentials(Array)
#11 C:\\Users\\HT\\Desktop\\UtilityQLCL9-tvgspa2-DLL ULTILITY-GSXD_xll\\apiLinkQlda\\vendor\\laravel\\framework\\src\\Illuminate\\Auth\\AuthManager.php(332): Illuminate\\Auth\\SessionGuard->attempt(Array)
#12 C:\\Users\\HT\\Desktop\\UtilityQLCL9-tvgspa2-DLL ULTILITY-GSXD_xll\\apiLinkQlda\\app\\Http\\Controllers\\PassportAuthController.php(95): Illuminate\\Auth\\AuthManager->__call('attempt', Array)
#13 C:\\Users\\HT\\Desktop\\UtilityQLCL9-tvgspa2-DLL ULTILITY-GSXD_xll\\apiLinkQlda\\vendor\\laravel\\framework\\src\\Illuminate\\Routing\\Controller.php(54): App\\Http\\Controllers\\PassportAuthController->login(Object(Illuminate\\Http\\Request))
#14 C:\\Users\\HT\\Desktop\\UtilityQLCL9-tvgspa2-DLL ULTILITY-GSXD_xll\\apiLinkQlda\\vendor\\laravel\\framework\\src\\Illuminate\\Routing\\ControllerDispatcher.php(45): Illuminate\\Routing\\Controller->callAction('login', Array)
#15 C:\\Users\\HT\\Desktop\\UtilityQLCL9-tvgspa2-DLL ULTILITY-GSXD_xll\\apiLinkQlda\\vendor\\laravel\\framework\\src\\Illuminate\\Routing\\Route.php(254): Illuminate\\Routing\\ControllerDispatcher->dispatch(Object(Illuminate\\Routing\\Route), Object(App\\Http\\Controllers\\PassportAuthController), 'login')
#16 C:\\Users\\HT\\Desktop\\UtilityQLCL9-tvgspa2-DLL ULTILITY-GSXD_xll\\apiLinkQlda\\vendor\\laravel\\framework\\src\\Illuminate\\Routing\\Route.php(197): Illuminate\\Routing\\Route->runController()
#17 C:\\Users\\HT\\Desktop\\UtilityQLCL9-tvgspa2-DLL ULTILITY-GSXD_xll\\apiLinkQlda\\vendor\\laravel\\framework\\src\\Illuminate\\Routing\\Router.php(695): Illuminate\\Routing\\Route->run()
#18 C:\\Users\\HT\\Desktop\\UtilityQLCL9-tvgspa2-DLL ULTILITY-GSXD_xll\\apiLinkQlda\\vendor\\laravel\\framework\\src\\Illuminate\\Pipeline\\Pipeline.php(128): Illuminate\\Routing\\Router->Illuminate\\Routing\\{closure}(Object(Illuminate\\Http\\Request))
#19 C:\\Users\\HT\\Desktop\\UtilityQLCL9-tvgspa2-DLL ULTILITY-GSXD_xll\\apiLinkQlda\\vendor\\fruitcake\\laravel-cors\\src\\HandleCors.php(52): Illuminate\\Pipeline\\Pipeline->Illuminate\\Pipeline\\{closure}(Object(Illuminate\\Http\\Request))
#20 C:\\Users\\HT\\Desktop\\UtilityQLCL9-tvgspa2-DLL ULTILITY-GSXD_xll\\apiLinkQlda\\vendor\\laravel\\framework\\src\\Illuminate\\Pipeline\\Pipeline.php(167): Fruitcake\\Cors\\HandleCors->handle(Object(Illuminate\\Http\\Request), Object(Closure))
#21 C:\\Users\\HT\\Desktop\\UtilityQLCL9-tvgspa2-DLL ULTILITY-GSXD_xll\\apiLinkQlda\\vendor\\laravel\\framework\\src\\Illuminate\\Routing\\Middleware\\SubstituteBindings.php(50): Illuminate\\Pipeline\\Pipeline->Illuminate\\Pipeline\\{closure}(Object(Illuminate\\Http\\Request))
#22 C:\\Users\\HT\\Desktop\\UtilityQLCL9-tvgspa2-DLL ULTILITY-GSXD_xll\\apiLinkQlda\\vendor\\laravel\\framework\\src\\Illuminate\\Pipeline\\Pipeline.php(167): Illuminate\\Routing\\Middleware\\SubstituteBindings->handle(Object(Illuminate\\Http\\Request), Object(Closure))
#23 C:\\Users\\HT\\Desktop\\UtilityQLCL9-tvgspa2-DLL ULTILITY-GSXD_xll\\apiLinkQlda\\vendor\\laravel\\framework\\src\\Illuminate\\Routing\\Middleware\\ThrottleRequests.php(127): Illuminate\\Pipeline\\Pipeline->Illuminate\\Pipeline\\{closure}(Object(Illuminate\\Http\\Request))
#24 C:\\Users\\HT\\Desktop\\UtilityQLCL9-tvgspa2-DLL ULTILITY-GSXD_xll\\apiLinkQlda\\vendor\\laravel\\framework\\src\\Illuminate\\Routing\\Middleware\\ThrottleRequests.php(63): Illuminate\\Routing\\Middleware\\ThrottleRequests->handleRequest(Object(Illuminate\\Http\\Request), Object(Closure), Array)
#25 C:\\Users\\HT\\Desktop\\UtilityQLCL9-tvgspa2-DLL ULTILITY-GSXD_xll\\apiLinkQlda\\vendor\\laravel\\framework\\src\\Illuminate\\Pipeline\\Pipeline.php(167): Illuminate\\Routing\\Middleware\\ThrottleRequests->handle(Object(Illuminate\\Http\\Request), Object(Closure), '60', '1')
#26 C:\\Users\\HT\\Desktop\\UtilityQLCL9-tvgspa2-DLL ULTILITY-GSXD_xll\\apiLinkQlda\\vendor\\laravel\\framework\\src\\Illuminate\\Pipeline\\Pipeline.php(103): Illuminate\\Pipeline\\Pipeline->Illuminate\\Pipeline\\{closure}(Object(Illuminate\\Http\\Request))
#27 C:\\Users\\HT\\Desktop\\UtilityQLCL9-tvgspa2-DLL ULTILITY-GSXD_xll\\apiLinkQlda\\vendor\\laravel\\framework\\src\\Illuminate\\Routing\\Router.php(697): Illuminate\\Pipeline\\Pipeline->then(Object(Closure))
#28 C:\\Users\\HT\\Desktop\\UtilityQLCL9-tvgspa2-DLL ULTILITY-GSXD_xll\\apiLinkQlda\\vendor\\laravel\\framework\\src\\Illuminate\\Routing\\Router.php(672): Illuminate\\Routing\\Router->runRouteWithinStack(Object(Illuminate\\Routing\\Route), Object(Illuminate\\Http\\Request))
#29 C:\\Users\\HT\\Desktop\\UtilityQLCL9-tvgspa2-DLL ULTILITY-GSXD_xll\\apiLinkQlda\\vendor\\laravel\\framework\\src\\Illuminate\\Routing\\Router.php(636): Illuminate\\Routing\\Router->runRoute(Object(Illuminate\\Http\\Request), Object(Illuminate\\Routing\\Route))
#30 C:\\Users\\HT\\Desktop\\UtilityQLCL9-tvgspa2-DLL ULTILITY-GSXD_xll\\apiLinkQlda\\vendor\\laravel\\framework\\src\\Illuminate\\Routing\\Router.php(625): Illuminate\\Routing\\Router->dispatchToRoute(Object(Illuminate\\Http\\Request))
#31 C:\\Users\\HT\\Desktop\\UtilityQLCL9-tvgspa2-DLL ULTILITY-GSXD_xll\\apiLinkQlda\\vendor\\laravel\\framework\\src\\Illuminate\\Foundation\\Http\\Kernel.php(166): Illuminate\\Routing\\Router->dispatch(Object(Illuminate\\Http\\Request))
#32 C:\\Users\\HT\\Desktop\\UtilityQLCL9-tvgspa2-DLL ULTILITY-GSXD_xll\\apiLinkQlda\\vendor\\laravel\\framework\\src\\Illuminate\\Pipeline\\Pipeline.php(128): Illuminate\\Foundation\\Http\\Kernel->Illuminate\\Foundation\\Http\\{closure}(Object(Illuminate\\Http\\Request))
#33 C:\\Users\\HT\\Desktop\\UtilityQLCL9-tvgspa2-DLL ULTILITY-GSXD_xll\\apiLinkQlda\\app\\Http\\Middleware\\CheckForMaintenanceMode.php(35): Illuminate\\Pipeline\\Pipeline->Illuminate\\Pipeline\\{closure}(Object(Illuminate\\Http\\Request))
#34 C:\\Users\\HT\\Desktop\\UtilityQLCL9-tvgspa2-DLL ULTILITY-GSXD_xll\\apiLinkQlda\\vendor\\laravel\\framework\\src\\Illuminate\\Pipeline\\Pipeline.php(167): App\\Http\\Middleware\\CheckForMaintenanceMode->handle(Object(Illuminate\\Http\\Request), Object(Closure))
#35 C:\\Users\\HT\\Desktop\\UtilityQLCL9-tvgspa2-DLL ULTILITY-GSXD_xll\\apiLinkQlda\\vendor\\laravel\\framework\\src\\Illuminate\\Foundation\\Http\\Middleware\\TransformsRequest.php(21): Illuminate\\Pipeline\\Pipeline->Illuminate\\Pipeline\\{closure}(Object(Illuminate\\Http\\Request))
#36 C:\\Users\\HT\\Desktop\\UtilityQLCL9-tvgspa2-DLL ULTILITY-GSXD_xll\\apiLinkQlda\\vendor\\laravel\\framework\\src\\Illuminate\\Foundation\\Http\\Middleware\\ConvertEmptyStringsToNull.php(31): Illuminate\\Foundation\\Http\\Middleware\\TransformsRequest->handle(Object(Illuminate\\Http\\Request), Object(Closure))
#37 C:\\Users\\HT\\Desktop\\UtilityQLCL9-tvgspa2-DLL ULTILITY-GSXD_xll\\apiLinkQlda\\vendor\\laravel\\framework\\src\\Illuminate\\Pipeline\\Pipeline.php(167): Illuminate\\Foundation\\Http\\Middleware\\ConvertEmptyStringsToNull->handle(Object(Illuminate\\Http\\Request), Object(Closure))
#38 C:\\Users\\HT\\Desktop\\UtilityQLCL9-tvgspa2-DLL ULTILITY-GSXD_xll\\apiLinkQlda\\app\\Http\\Middleware\\Cors.php(19): Illuminate\\Pipeline\\Pipeline->Illuminate\\Pipeline\\{closure}(Object(Illuminate\\Http\\Request))
#39 C:\\Users\\HT\\Desktop\\UtilityQLCL9-tvgspa2-DLL ULTILITY-GSXD_xll\\apiLinkQlda\\vendor\\laravel\\framework\\src\\Illuminate\\Pipeline\\Pipeline.php(167): App\\Http\\Middleware\\Cors->handle(Object(Illuminate\\Http\\Request), Object(Closure))
#40 C:\\Users\\HT\\Desktop\\UtilityQLCL9-tvgspa2-DLL ULTILITY-GSXD_xll\\apiLinkQlda\\vendor\\laravel\\framework\\src\\Illuminate\\Foundation\\Http\\Middleware\\TransformsRequest.php(21): Illuminate\\Pipeline\\Pipeline->Illuminate\\Pipeline\\{closure}(Object(Illuminate\\Http\\Request))
#41 C:\\Users\\HT\\Desktop\\UtilityQLCL9-tvgspa2-DLL ULTILITY-GSXD_xll\\apiLinkQlda\\vendor\\laravel\\framework\\src\\Illuminate\\Foundation\\Http\\Middleware\\TrimStrings.php(40): Illuminate\\Foundation\\Http\\Middleware\\TransformsRequest->handle(Object(Illuminate\\Http\\Request), Object(Closure))
#42 C:\\Users\\HT\\Desktop\\UtilityQLCL9-tvgspa2-DLL ULTILITY-GSXD_xll\\apiLinkQlda\\vendor\\laravel\\framework\\src\\Illuminate\\Pipeline\\Pipeline.php(167): Illuminate\\Foundation\\Http\\Middleware\\TrimStrings->handle(Object(Illuminate\\Http\\Request), Object(Closure))
#43 C:\\Users\\HT\\Desktop\\UtilityQLCL9-tvgspa2-DLL ULTILITY-GSXD_xll\\apiLinkQlda\\vendor\\laravel\\framework\\src\\Illuminate\\Foundation\\Http\\Middleware\\ValidatePostSize.php(27): Illuminate\\Pipeline\\Pipeline->Illuminate\\Pipeline\\{closure}(Object(Illuminate\\Http\\Request))
#44 C:\\Users\\HT\\Desktop\\UtilityQLCL9-tvgspa2-DLL ULTILITY-GSXD_xll\\apiLinkQlda\\vendor\\laravel\\framework\\src\\Illuminate\\Pipeline\\Pipeline.php(167): Illuminate\\Foundation\\Http\\Middleware\\ValidatePostSize->handle(Object(Illuminate\\Http\\Request), Object(Closure))
#45 C:\\Users\\HT\\Desktop\\UtilityQLCL9-tvgspa2-DLL ULTILITY-GSXD_xll\\apiLinkQlda\\vendor\\fruitcake\\laravel-cors\\src\\HandleCors.php(52): Illuminate\\Pipeline\\Pipeline->Illuminate\\Pipeline\\{closure}(Object(Illuminate\\Http\\Request))
#46 C:\\Users\\HT\\Desktop\\UtilityQLCL9-tvgspa2-DLL ULTILITY-GSXD_xll\\apiLinkQlda\\vendor\\laravel\\framework\\src\\Illuminate\\Pipeline\\Pipeline.php(167): Fruitcake\\Cors\\HandleCors->handle(Object(Illuminate\\Http\\Request), Object(Closure))
#47 C:\\Users\\HT\\Desktop\\UtilityQLCL9-tvgspa2-DLL ULTILITY-GSXD_xll\\apiLinkQlda\\vendor\\fideloper\\proxy\\src\\TrustProxies.php(57): Illuminate\\Pipeline\\Pipeline->Illuminate\\Pipeline\\{closure}(Object(Illuminate\\Http\\Request))
#48 C:\\Users\\HT\\Desktop\\UtilityQLCL9-tvgspa2-DLL ULTILITY-GSXD_xll\\apiLinkQlda\\vendor\\laravel\\framework\\src\\Illuminate\\Pipeline\\Pipeline.php(167): Fideloper\\Proxy\\TrustProxies->handle(Object(Illuminate\\Http\\Request), Object(Closure))
#49 C:\\Users\\HT\\Desktop\\UtilityQLCL9-tvgspa2-DLL ULTILITY-GSXD_xll\\apiLinkQlda\\vendor\\laravel\\framework\\src\\Illuminate\\Pipeline\\Pipeline.php(103): Illuminate\\Pipeline\\Pipeline->Illuminate\\Pipeline\\{closure}(Object(Illuminate\\Http\\Request))
#50 C:\\Users\\HT\\Desktop\\UtilityQLCL9-tvgspa2-DLL ULTILITY-GSXD_xll\\apiLinkQlda\\vendor\\laravel\\framework\\src\\Illuminate\\Foundation\\Http\\Kernel.php(141): Illuminate\\Pipeline\\Pipeline->then(Object(Closure))
#51 C:\\Users\\HT\\Desktop\\UtilityQLCL9-tvgspa2-DLL ULTILITY-GSXD_xll\\apiLinkQlda\\vendor\\laravel\\framework\\src\\Illuminate\\Foundation\\Http\\Kernel.php(110): Illuminate\\Foundation\\Http\\Kernel->sendRequestThroughRouter(Object(Illuminate\\Http\\Request))
#52 C:\\Users\\HT\\Desktop\\UtilityQLCL9-tvgspa2-DLL ULTILITY-GSXD_xll\\apiLinkQlda\\public\\index.php(52): Illuminate\\Foundation\\Http\\Kernel->handle(Object(Illuminate\\Http\\Request))
#53 C:\\Users\\HT\\Desktop\\UtilityQLCL9-tvgspa2-DLL ULTILITY-GSXD_xll\\apiLinkQlda\\server.php(21): require_once('C:\\\\Users\\\\HT\\\\Des...')
#54 {main}

[previous exception] [object] (PDOException(code: 42S22): SQLSTATE[42S22]: Column not found: 1054 Unknown column 'users.deleted_at' in 'where clause' at C:\\Users\\HT\\Desktop\\UtilityQLCL9-tvgspa2-DLL ULTILITY-GSXD_xll\\apiLinkQlda\\vendor\\laravel\\framework\\src\\Illuminate\\Database\\Connection.php:338)
[stacktrace]
#0 C:\\Users\\HT\\Desktop\\UtilityQLCL9-tvgspa2-DLL ULTILITY-GSXD_xll\\apiLinkQlda\\vendor\\laravel\\framework\\src\\Illuminate\\Database\\Connection.php(338): PDO->prepare('select * from `...')
#1 C:\\Users\\HT\\Desktop\\UtilityQLCL9-tvgspa2-DLL ULTILITY-GSXD_xll\\apiLinkQlda\\vendor\\laravel\\framework\\src\\Illuminate\\Database\\Connection.php(671): Illuminate\\Database\\Connection->Illuminate\\Database\\{closure}('select * from `...', Array)
#2 C:\\Users\\HT\\Desktop\\UtilityQLCL9-tvgspa2-DLL ULTILITY-GSXD_xll\\apiLinkQlda\\vendor\\laravel\\framework\\src\\Illuminate\\Database\\Connection.php(638): Illuminate\\Database\\Connection->runQueryCallback('select * from `...', Array, Object(Closure))
#3 C:\\Users\\HT\\Desktop\\UtilityQLCL9-tvgspa2-DLL ULTILITY-GSXD_xll\\apiLinkQlda\\vendor\\laravel\\framework\\src\\Illuminate\\Database\\Connection.php(346): Illuminate\\Database\\Connection->run('select * from `...', Array, Object(Closure))
#4 C:\\Users\\HT\\Desktop\\UtilityQLCL9-tvgspa2-DLL ULTILITY-GSXD_xll\\apiLinkQlda\\vendor\\laravel\\framework\\src\\Illuminate\\Database\\Query\\Builder.php(2315): Illuminate\\Database\\Connection->select('select * from `...', Array, true)
#5 C:\\Users\\HT\\Desktop\\UtilityQLCL9-tvgspa2-DLL ULTILITY-GSXD_xll\\apiLinkQlda\\vendor\\laravel\\framework\\src\\Illuminate\\Database\\Query\\Builder.php(2303): Illuminate\\Database\\Query\\Builder->runSelect()
#6 C:\\Users\\HT\\Desktop\\UtilityQLCL9-tvgspa2-DLL ULTILITY-GSXD_xll\\apiLinkQlda\\vendor\\laravel\\framework\\src\\Illuminate\\Database\\Query\\Builder.php(2867): Illuminate\\Database\\Query\\Builder->Illuminate\\Database\\Query\\{closure}()
#7 C:\\Users\\HT\\Desktop\\UtilityQLCL9-tvgspa2-DLL ULTILITY-GSXD_xll\\apiLinkQlda\\vendor\\laravel\\framework\\src\\Illuminate\\Database\\Query\\Builder.php(2304): Illuminate\\Database\\Query\\Builder->onceWithColumns(Array, Object(Closure))
#8 C:\\Users\\HT\\Desktop\\UtilityQLCL9-tvgspa2-DLL ULTILITY-GSXD_xll\\apiLinkQlda\\vendor\\laravel\\framework\\src\\Illuminate\\Database\\Eloquent\\Builder.php(598): Illuminate\\Database\\Query\\Builder->get(Array)
#9 C:\\Users\\HT\\Desktop\\UtilityQLCL9-tvgspa2-DLL ULTILITY-GSXD_xll\\apiLinkQlda\\vendor\\laravel\\framework\\src\\Illuminate\\Database\\Eloquent\\Builder.php(582): Illuminate\\Database\\Eloquent\\Builder->getModels(Array)
#10 C:\\Users\\HT\\Desktop\\UtilityQLCL9-tvgspa2-DLL ULTILITY-GSXD_xll\\apiLinkQlda\\vendor\\laravel\\framework\\src\\Illuminate\\Database\\Concerns\\BuildsQueries.php(254): Illuminate\\Database\\Eloquent\\Builder->get(Array)
#11 C:\\Users\\HT\\Desktop\\UtilityQLCL9-tvgspa2-DLL ULTILITY-GSXD_xll\\apiLinkQlda\\vendor\\laravel\\framework\\src\\Illuminate\\Auth\\EloquentUserProvider.php(131): Illuminate\\Database\\Eloquent\\Builder->first()
#12 C:\\Users\\HT\\Desktop\\UtilityQLCL9-tvgspa2-DLL ULTILITY-GSXD_xll\\apiLinkQlda\\vendor\\laravel\\framework\\src\\Illuminate\\Auth\\SessionGuard.php(359): Illuminate\\Auth\\EloquentUserProvider->retrieveByCredentials(Array)
#13 C:\\Users\\HT\\Desktop\\UtilityQLCL9-tvgspa2-DLL ULTILITY-GSXD_xll\\apiLinkQlda\\vendor\\laravel\\framework\\src\\Illuminate\\Auth\\AuthManager.php(332): Illuminate\\Auth\\SessionGuard->attempt(Array)
#14 C:\\Users\\HT\\Desktop\\UtilityQLCL9-tvgspa2-DLL ULTILITY-GSXD_xll\\apiLinkQlda\\app\\Http\\Controllers\\PassportAuthController.php(95): Illuminate\\Auth\\AuthManager->__call('attempt', Array)
#15 C:\\Users\\HT\\Desktop\\UtilityQLCL9-tvgspa2-DLL ULTILITY-GSXD_xll\\apiLinkQlda\\vendor\\laravel\\framework\\src\\Illuminate\\Routing\\Controller.php(54): App\\Http\\Controllers\\PassportAuthController->login(Object(Illuminate\\Http\\Request))
#16 C:\\Users\\HT\\Desktop\\UtilityQLCL9-tvgspa2-DLL ULTILITY-GSXD_xll\\apiLinkQlda\\vendor\\laravel\\framework\\src\\Illuminate\\Routing\\ControllerDispatcher.php(45): Illuminate\\Routing\\Controller->callAction('login', Array)
#17 C:\\Users\\HT\\Desktop\\UtilityQLCL9-tvgspa2-DLL ULTILITY-GSXD_xll\\apiLinkQlda\\vendor\\laravel\\framework\\src\\Illuminate\\Routing\\Route.php(254): Illuminate\\Routing\\ControllerDispatcher->dispatch(Object(Illuminate\\Routing\\Route), Object(App\\Http\\Controllers\\PassportAuthController), 'login')
#18 C:\\Users\\HT\\Desktop\\UtilityQLCL9-tvgspa2-DLL ULTILITY-GSXD_xll\\apiLinkQlda\\vendor\\laravel\\framework\\src\\Illuminate\\Routing\\Route.php(197): Illuminate\\Routing\\Route->runController()
#19 C:\\Users\\HT\\Desktop\\UtilityQLCL9-tvgspa2-DLL ULTILITY-GSXD_xll\\apiLinkQlda\\vendor\\laravel\\framework\\src\\Illuminate\\Routing\\Router.php(695): Illuminate\\Routing\\Route->run()
#20 C:\\Users\\HT\\Desktop\\UtilityQLCL9-tvgspa2-DLL ULTILITY-GSXD_xll\\apiLinkQlda\\vendor\\laravel\\framework\\src\\Illuminate\\Pipeline\\Pipeline.php(128): Illuminate\\Routing\\Router->Illuminate\\Routing\\{closure}(Object(Illuminate\\Http\\Request))
#21 C:\\Users\\HT\\Desktop\\UtilityQLCL9-tvgspa2-DLL ULTILITY-GSXD_xll\\apiLinkQlda\\vendor\\fruitcake\\laravel-cors\\src\\HandleCors.php(52): Illuminate\\Pipeline\\Pipeline->Illuminate\\Pipeline\\{closure}(Object(Illuminate\\Http\\Request))
#22 C:\\Users\\HT\\Desktop\\UtilityQLCL9-tvgspa2-DLL ULTILITY-GSXD_xll\\apiLinkQlda\\vendor\\laravel\\framework\\src\\Illuminate\\Pipeline\\Pipeline.php(167): Fruitcake\\Cors\\HandleCors->handle(Object(Illuminate\\Http\\Request), Object(Closure))
#23 C:\\Users\\HT\\Desktop\\UtilityQLCL9-tvgspa2-DLL ULTILITY-GSXD_xll\\apiLinkQlda\\vendor\\laravel\\framework\\src\\Illuminate\\Routing\\Middleware\\SubstituteBindings.php(50): Illuminate\\Pipeline\\Pipeline->Illuminate\\Pipeline\\{closure}(Object(Illuminate\\Http\\Request))
#24 C:\\Users\\HT\\Desktop\\UtilityQLCL9-tvgspa2-DLL ULTILITY-GSXD_xll\\apiLinkQlda\\vendor\\laravel\\framework\\src\\Illuminate\\Pipeline\\Pipeline.php(167): Illuminate\\Routing\\Middleware\\SubstituteBindings->handle(Object(Illuminate\\Http\\Request), Object(Closure))
#25 C:\\Users\\HT\\Desktop\\UtilityQLCL9-tvgspa2-DLL ULTILITY-GSXD_xll\\apiLinkQlda\\vendor\\laravel\\framework\\src\\Illuminate\\Routing\\Middleware\\ThrottleRequests.php(127): Illuminate\\Pipeline\\Pipeline->Illuminate\\Pipeline\\{closure}(Object(Illuminate\\Http\\Request))
#26 C:\\Users\\HT\\Desktop\\UtilityQLCL9-tvgspa2-DLL ULTILITY-GSXD_xll\\apiLinkQlda\\vendor\\laravel\\framework\\src\\Illuminate\\Routing\\Middleware\\ThrottleRequests.php(63): Illuminate\\Routing\\Middleware\\ThrottleRequests->handleRequest(Object(Illuminate\\Http\\Request), Object(Closure), Array)
#27 C:\\Users\\HT\\Desktop\\UtilityQLCL9-tvgspa2-DLL ULTILITY-GSXD_xll\\apiLinkQlda\\vendor\\laravel\\framework\\src\\Illuminate\\Pipeline\\Pipeline.php(167): Illuminate\\Routing\\Middleware\\ThrottleRequests->handle(Object(Illuminate\\Http\\Request), Object(Closure), '60', '1')
#28 C:\\Users\\HT\\Desktop\\UtilityQLCL9-tvgspa2-DLL ULTILITY-GSXD_xll\\apiLinkQlda\\vendor\\laravel\\framework\\src\\Illuminate\\Pipeline\\Pipeline.php(103): Illuminate\\Pipeline\\Pipeline->Illuminate\\Pipeline\\{closure}(Object(Illuminate\\Http\\Request))
#29 C:\\Users\\HT\\Desktop\\UtilityQLCL9-tvgspa2-DLL ULTILITY-GSXD_xll\\apiLinkQlda\\vendor\\laravel\\framework\\src\\Illuminate\\Routing\\Router.php(697): Illuminate\\Pipeline\\Pipeline->then(Object(Closure))
#30 C:\\Users\\HT\\Desktop\\UtilityQLCL9-tvgspa2-DLL ULTILITY-GSXD_xll\\apiLinkQlda\\vendor\\laravel\\framework\\src\\Illuminate\\Routing\\Router.php(672): Illuminate\\Routing\\Router->runRouteWithinStack(Object(Illuminate\\Routing\\Route), Object(Illuminate\\Http\\Request))
#31 C:\\Users\\HT\\Desktop\\UtilityQLCL9-tvgspa2-DLL ULTILITY-GSXD_xll\\apiLinkQlda\\vendor\\laravel\\framework\\src\\Illuminate\\Routing\\Router.php(636): Illuminate\\Routing\\Router->runRoute(Object(Illuminate\\Http\\Request), Object(Illuminate\\Routing\\Route))
#32 C:\\Users\\HT\\Desktop\\UtilityQLCL9-tvgspa2-DLL ULTILITY-GSXD_xll\\apiLinkQlda\\vendor\\laravel\\framework\\src\\Illuminate\\Routing\\Router.php(625): Illuminate\\Routing\\Router->dispatchToRoute(Object(Illuminate\\Http\\Request))
#33 C:\\Users\\HT\\Desktop\\UtilityQLCL9-tvgspa2-DLL ULTILITY-GSXD_xll\\apiLinkQlda\\vendor\\laravel\\framework\\src\\Illuminate\\Foundation\\Http\\Kernel.php(166): Illuminate\\Routing\\Router->dispatch(Object(Illuminate\\Http\\Request))
#34 C:\\Users\\HT\\Desktop\\UtilityQLCL9-tvgspa2-DLL ULTILITY-GSXD_xll\\apiLinkQlda\\vendor\\laravel\\framework\\src\\Illuminate\\Pipeline\\Pipeline.php(128): Illuminate\\Foundation\\Http\\Kernel->Illuminate\\Foundation\\Http\\{closure}(Object(Illuminate\\Http\\Request))
#35 C:\\Users\\HT\\Desktop\\UtilityQLCL9-tvgspa2-DLL ULTILITY-GSXD_xll\\apiLinkQlda\\app\\Http\\Middleware\\CheckForMaintenanceMode.php(35): Illuminate\\Pipeline\\Pipeline->Illuminate\\Pipeline\\{closure}(Object(Illuminate\\Http\\Request))
#36 C:\\Users\\HT\\Desktop\\UtilityQLCL9-tvgspa2-DLL ULTILITY-GSXD_xll\\apiLinkQlda\\vendor\\laravel\\framework\\src\\Illuminate\\Pipeline\\Pipeline.php(167): App\\Http\\Middleware\\CheckForMaintenanceMode->handle(Object(Illuminate\\Http\\Request), Object(Closure))
#37 C:\\Users\\HT\\Desktop\\UtilityQLCL9-tvgspa2-DLL ULTILITY-GSXD_xll\\apiLinkQlda\\vendor\\laravel\\framework\\src\\Illuminate\\Foundation\\Http\\Middleware\\TransformsRequest.php(21): Illuminate\\Pipeline\\Pipeline->Illuminate\\Pipeline\\{closure}(Object(Illuminate\\Http\\Request))
#38 C:\\Users\\HT\\Desktop\\UtilityQLCL9-tvgspa2-DLL ULTILITY-GSXD_xll\\apiLinkQlda\\vendor\\laravel\\framework\\src\\Illuminate\\Foundation\\Http\\Middleware\\ConvertEmptyStringsToNull.php(31): Illuminate\\Foundation\\Http\\Middleware\\TransformsRequest->handle(Object(Illuminate\\Http\\Request), Object(Closure))
#39 C:\\Users\\HT\\Desktop\\UtilityQLCL9-tvgspa2-DLL ULTILITY-GSXD_xll\\apiLinkQlda\\vendor\\laravel\\framework\\src\\Illuminate\\Pipeline\\Pipeline.php(167): Illuminate\\Foundation\\Http\\Middleware\\ConvertEmptyStringsToNull->handle(Object(Illuminate\\Http\\Request), Object(Closure))
#40 C:\\Users\\HT\\Desktop\\UtilityQLCL9-tvgspa2-DLL ULTILITY-GSXD_xll\\apiLinkQlda\\app\\Http\\Middleware\\Cors.php(19): Illuminate\\Pipeline\\Pipeline->Illuminate\\Pipeline\\{closure}(Object(Illuminate\\Http\\Request))
#41 C:\\Users\\HT\\Desktop\\UtilityQLCL9-tvgspa2-DLL ULTILITY-GSXD_xll\\apiLinkQlda\\vendor\\laravel\\framework\\src\\Illuminate\\Pipeline\\Pipeline.php(167): App\\Http\\Middleware\\Cors->handle(Object(Illuminate\\Http\\Request), Object(Closure))
#42 C:\\Users\\HT\\Desktop\\UtilityQLCL9-tvgspa2-DLL ULTILITY-GSXD_xll\\apiLinkQlda\\vendor\\laravel\\framework\\src\\Illuminate\\Foundation\\Http\\Middleware\\TransformsRequest.php(21): Illuminate\\Pipeline\\Pipeline->Illuminate\\Pipeline\\{closure}(Object(Illuminate\\Http\\Request))
#43 C:\\Users\\HT\\Desktop\\UtilityQLCL9-tvgspa2-DLL ULTILITY-GSXD_xll\\apiLinkQlda\\vendor\\laravel\\framework\\src\\Illuminate\\Foundation\\Http\\Middleware\\TrimStrings.php(40): Illuminate\\Foundation\\Http\\Middleware\\TransformsRequest->handle(Object(Illuminate\\Http\\Request), Object(Closure))
#44 C:\\Users\\HT\\Desktop\\UtilityQLCL9-tvgspa2-DLL ULTILITY-GSXD_xll\\apiLinkQlda\\vendor\\laravel\\framework\\src\\Illuminate\\Pipeline\\Pipeline.php(167): Illuminate\\Foundation\\Http\\Middleware\\TrimStrings->handle(Object(Illuminate\\Http\\Request), Object(Closure))
#45 C:\\Users\\HT\\Desktop\\UtilityQLCL9-tvgspa2-DLL ULTILITY-GSXD_xll\\apiLinkQlda\\vendor\\laravel\\framework\\src\\Illuminate\\Foundation\\Http\\Middleware\\ValidatePostSize.php(27): Illuminate\\Pipeline\\Pipeline->Illuminate\\Pipeline\\{closure}(Object(Illuminate\\Http\\Request))
#46 C:\\Users\\HT\\Desktop\\UtilityQLCL9-tvgspa2-DLL ULTILITY-GSXD_xll\\apiLinkQlda\\vendor\\laravel\\framework\\src\\Illuminate\\Pipeline\\Pipeline.php(167): Illuminate\\Foundation\\Http\\Middleware\\ValidatePostSize->handle(Object(Illuminate\\Http\\Request), Object(Closure))
#47 C:\\Users\\HT\\Desktop\\UtilityQLCL9-tvgspa2-DLL ULTILITY-GSXD_xll\\apiLinkQlda\\vendor\\fruitcake\\laravel-cors\\src\\HandleCors.php(52): Illuminate\\Pipeline\\Pipeline->Illuminate\\Pipeline\\{closure}(Object(Illuminate\\Http\\Request))
#48 C:\\Users\\HT\\Desktop\\UtilityQLCL9-tvgspa2-DLL ULTILITY-GSXD_xll\\apiLinkQlda\\vendor\\laravel\\framework\\src\\Illuminate\\Pipeline\\Pipeline.php(167): Fruitcake\\Cors\\HandleCors->handle(Object(Illuminate\\Http\\Request), Object(Closure))
#49 C:\\Users\\HT\\Desktop\\UtilityQLCL9-tvgspa2-DLL ULTILITY-GSXD_xll\\apiLinkQlda\\vendor\\fideloper\\proxy\\src\\TrustProxies.php(57): Illuminate\\Pipeline\\Pipeline->Illuminate\\Pipeline\\{closure}(Object(Illuminate\\Http\\Request))
#50 C:\\Users\\HT\\Desktop\\UtilityQLCL9-tvgspa2-DLL ULTILITY-GSXD_xll\\apiLinkQlda\\vendor\\laravel\\framework\\src\\Illuminate\\Pipeline\\Pipeline.php(167): Fideloper\\Proxy\\TrustProxies->handle(Object(Illuminate\\Http\\Request), Object(Closure))
#51 C:\\Users\\HT\\Desktop\\UtilityQLCL9-tvgspa2-DLL ULTILITY-GSXD_xll\\apiLinkQlda\\vendor\\laravel\\framework\\src\\Illuminate\\Pipeline\\Pipeline.php(103): Illuminate\\Pipeline\\Pipeline->Illuminate\\Pipeline\\{closure}(Object(Illuminate\\Http\\Request))
#52 C:\\Users\\HT\\Desktop\\UtilityQLCL9-tvgspa2-DLL ULTILITY-GSXD_xll\\apiLinkQlda\\vendor\\laravel\\framework\\src\\Illuminate\\Foundation\\Http\\Kernel.php(141): Illuminate\\Pipeline\\Pipeline->then(Object(Closure))
#53 C:\\Users\\HT\\Desktop\\UtilityQLCL9-tvgspa2-DLL ULTILITY-GSXD_xll\\apiLinkQlda\\vendor\\laravel\\framework\\src\\Illuminate\\Foundation\\Http\\Kernel.php(110): Illuminate\\Foundation\\Http\\Kernel->sendRequestThroughRouter(Object(Illuminate\\Http\\Request))
#54 C:\\Users\\HT\\Desktop\\UtilityQLCL9-tvgspa2-DLL ULTILITY-GSXD_xll\\apiLinkQlda\\public\\index.php(52): Illuminate\\Foundation\\Http\\Kernel->handle(Object(Illuminate\\Http\\Request))
#55 C:\\Users\\HT\\Desktop\\UtilityQLCL9-tvgspa2-DLL ULTILITY-GSXD_xll\\apiLinkQlda\\server.php(21): require_once('C:\\\\Users\\\\HT\\\\Des...')
#56 {main}
"} 
[2021-06-29 13:51:53] local.ERROR: SQLSTATE[42S22]: Column not found: 1054 Unknown column 'users.deleted_at' in 'where clause' (SQL: select * from `users` where `email` = user1@gmail.com and `users`.`deleted_at` is null limit 1) {"foo":"bar","exception":"[object] (Illuminate\\Database\\QueryException(code: 42S22): SQLSTATE[42S22]: Column not found: 1054 Unknown column 'users.deleted_at' in 'where clause' (SQL: select * from `users` where `email` = user1@gmail.com and `users`.`deleted_at` is null limit 1) at C:\\Users\\HT\\Desktop\\UtilityQLCL9-tvgspa2-DLL ULTILITY-GSXD_xll\\apiLinkQlda\\vendor\\laravel\\framework\\src\\Illuminate\\Database\\Connection.php:678)
[stacktrace]
#0 C:\\Users\\HT\\Desktop\\UtilityQLCL9-tvgspa2-DLL ULTILITY-GSXD_xll\\apiLinkQlda\\vendor\\laravel\\framework\\src\\Illuminate\\Database\\Connection.php(638): Illuminate\\Database\\Connection->runQueryCallback('select * from `...', Array, Object(Closure))
#1 C:\\Users\\HT\\Desktop\\UtilityQLCL9-tvgspa2-DLL ULTILITY-GSXD_xll\\apiLinkQlda\\vendor\\laravel\\framework\\src\\Illuminate\\Database\\Connection.php(346): Illuminate\\Database\\Connection->run('select * from `...', Array, Object(Closure))
#2 C:\\Users\\HT\\Desktop\\UtilityQLCL9-tvgspa2-DLL ULTILITY-GSXD_xll\\apiLinkQlda\\vendor\\laravel\\framework\\src\\Illuminate\\Database\\Query\\Builder.php(2315): Illuminate\\Database\\Connection->select('select * from `...', Array, true)
#3 C:\\Users\\HT\\Desktop\\UtilityQLCL9-tvgspa2-DLL ULTILITY-GSXD_xll\\apiLinkQlda\\vendor\\laravel\\framework\\src\\Illuminate\\Database\\Query\\Builder.php(2303): Illuminate\\Database\\Query\\Builder->runSelect()
#4 C:\\Users\\HT\\Desktop\\UtilityQLCL9-tvgspa2-DLL ULTILITY-GSXD_xll\\apiLinkQlda\\vendor\\laravel\\framework\\src\\Illuminate\\Database\\Query\\Builder.php(2867): Illuminate\\Database\\Query\\Builder->Illuminate\\Database\\Query\\{closure}()
#5 C:\\Users\\HT\\Desktop\\UtilityQLCL9-tvgspa2-DLL ULTILITY-GSXD_xll\\apiLinkQlda\\vendor\\laravel\\framework\\src\\Illuminate\\Database\\Query\\Builder.php(2304): Illuminate\\Database\\Query\\Builder->onceWithColumns(Array, Object(Closure))
#6 C:\\Users\\HT\\Desktop\\UtilityQLCL9-tvgspa2-DLL ULTILITY-GSXD_xll\\apiLinkQlda\\vendor\\laravel\\framework\\src\\Illuminate\\Database\\Eloquent\\Builder.php(598): Illuminate\\Database\\Query\\Builder->get(Array)
#7 C:\\Users\\HT\\Desktop\\UtilityQLCL9-tvgspa2-DLL ULTILITY-GSXD_xll\\apiLinkQlda\\vendor\\laravel\\framework\\src\\Illuminate\\Database\\Eloquent\\Builder.php(582): Illuminate\\Database\\Eloquent\\Builder->getModels(Array)
#8 C:\\Users\\HT\\Desktop\\UtilityQLCL9-tvgspa2-DLL ULTILITY-GSXD_xll\\apiLinkQlda\\vendor\\laravel\\framework\\src\\Illuminate\\Database\\Concerns\\BuildsQueries.php(254): Illuminate\\Database\\Eloquent\\Builder->get(Array)
#9 C:\\Users\\HT\\Desktop\\UtilityQLCL9-tvgspa2-DLL ULTILITY-GSXD_xll\\apiLinkQlda\\vendor\\laravel\\framework\\src\\Illuminate\\Auth\\EloquentUserProvider.php(131): Illuminate\\Database\\Eloquent\\Builder->first()
#10 C:\\Users\\HT\\Desktop\\UtilityQLCL9-tvgspa2-DLL ULTILITY-GSXD_xll\\apiLinkQlda\\vendor\\laravel\\framework\\src\\Illuminate\\Auth\\SessionGuard.php(359): Illuminate\\Auth\\EloquentUserProvider->retrieveByCredentials(Array)
#11 C:\\Users\\HT\\Desktop\\UtilityQLCL9-tvgspa2-DLL ULTILITY-GSXD_xll\\apiLinkQlda\\vendor\\laravel\\framework\\src\\Illuminate\\Auth\\AuthManager.php(332): Illuminate\\Auth\\SessionGuard->attempt(Array)
#12 C:\\Users\\HT\\Desktop\\UtilityQLCL9-tvgspa2-DLL ULTILITY-GSXD_xll\\apiLinkQlda\\app\\Http\\Controllers\\PassportAuthController.php(95): Illuminate\\Auth\\AuthManager->__call('attempt', Array)
#13 C:\\Users\\HT\\Desktop\\UtilityQLCL9-tvgspa2-DLL ULTILITY-GSXD_xll\\apiLinkQlda\\vendor\\laravel\\framework\\src\\Illuminate\\Routing\\Controller.php(54): App\\Http\\Controllers\\PassportAuthController->login(Object(Illuminate\\Http\\Request))
#14 C:\\Users\\HT\\Desktop\\UtilityQLCL9-tvgspa2-DLL ULTILITY-GSXD_xll\\apiLinkQlda\\vendor\\laravel\\framework\\src\\Illuminate\\Routing\\ControllerDispatcher.php(45): Illuminate\\Routing\\Controller->callAction('login', Array)
#15 C:\\Users\\HT\\Desktop\\UtilityQLCL9-tvgspa2-DLL ULTILITY-GSXD_xll\\apiLinkQlda\\vendor\\laravel\\framework\\src\\Illuminate\\Routing\\Route.php(254): Illuminate\\Routing\\ControllerDispatcher->dispatch(Object(Illuminate\\Routing\\Route), Object(App\\Http\\Controllers\\PassportAuthController), 'login')
#16 C:\\Users\\HT\\Desktop\\UtilityQLCL9-tvgspa2-DLL ULTILITY-GSXD_xll\\apiLinkQlda\\vendor\\laravel\\framework\\src\\Illuminate\\Routing\\Route.php(197): Illuminate\\Routing\\Route->runController()
#17 C:\\Users\\HT\\Desktop\\UtilityQLCL9-tvgspa2-DLL ULTILITY-GSXD_xll\\apiLinkQlda\\vendor\\laravel\\framework\\src\\Illuminate\\Routing\\Router.php(695): Illuminate\\Routing\\Route->run()
#18 C:\\Users\\HT\\Desktop\\UtilityQLCL9-tvgspa2-DLL ULTILITY-GSXD_xll\\apiLinkQlda\\vendor\\laravel\\framework\\src\\Illuminate\\Pipeline\\Pipeline.php(128): Illuminate\\Routing\\Router->Illuminate\\Routing\\{closure}(Object(Illuminate\\Http\\Request))
#19 C:\\Users\\HT\\Desktop\\UtilityQLCL9-tvgspa2-DLL ULTILITY-GSXD_xll\\apiLinkQlda\\vendor\\fruitcake\\laravel-cors\\src\\HandleCors.php(52): Illuminate\\Pipeline\\Pipeline->Illuminate\\Pipeline\\{closure}(Object(Illuminate\\Http\\Request))
#20 C:\\Users\\HT\\Desktop\\UtilityQLCL9-tvgspa2-DLL ULTILITY-GSXD_xll\\apiLinkQlda\\vendor\\laravel\\framework\\src\\Illuminate\\Pipeline\\Pipeline.php(167): Fruitcake\\Cors\\HandleCors->handle(Object(Illuminate\\Http\\Request), Object(Closure))
#21 C:\\Users\\HT\\Desktop\\UtilityQLCL9-tvgspa2-DLL ULTILITY-GSXD_xll\\apiLinkQlda\\vendor\\laravel\\framework\\src\\Illuminate\\Routing\\Middleware\\SubstituteBindings.php(50): Illuminate\\Pipeline\\Pipeline->Illuminate\\Pipeline\\{closure}(Object(Illuminate\\Http\\Request))
#22 C:\\Users\\HT\\Desktop\\UtilityQLCL9-tvgspa2-DLL ULTILITY-GSXD_xll\\apiLinkQlda\\vendor\\laravel\\framework\\src\\Illuminate\\Pipeline\\Pipeline.php(167): Illuminate\\Routing\\Middleware\\SubstituteBindings->handle(Object(Illuminate\\Http\\Request), Object(Closure))
#23 C:\\Users\\HT\\Desktop\\UtilityQLCL9-tvgspa2-DLL ULTILITY-GSXD_xll\\apiLinkQlda\\vendor\\laravel\\framework\\src\\Illuminate\\Routing\\Middleware\\ThrottleRequests.php(127): Illuminate\\Pipeline\\Pipeline->Illuminate\\Pipeline\\{closure}(Object(Illuminate\\Http\\Request))
#24 C:\\Users\\HT\\Desktop\\UtilityQLCL9-tvgspa2-DLL ULTILITY-GSXD_xll\\apiLinkQlda\\vendor\\laravel\\framework\\src\\Illuminate\\Routing\\Middleware\\ThrottleRequests.php(63): Illuminate\\Routing\\Middleware\\ThrottleRequests->handleRequest(Object(Illuminate\\Http\\Request), Object(Closure), Array)
#25 C:\\Users\\HT\\Desktop\\UtilityQLCL9-tvgspa2-DLL ULTILITY-GSXD_xll\\apiLinkQlda\\vendor\\laravel\\framework\\src\\Illuminate\\Pipeline\\Pipeline.php(167): Illuminate\\Routing\\Middleware\\ThrottleRequests->handle(Object(Illuminate\\Http\\Request), Object(Closure), '60', '1')
#26 C:\\Users\\HT\\Desktop\\UtilityQLCL9-tvgspa2-DLL ULTILITY-GSXD_xll\\apiLinkQlda\\vendor\\laravel\\framework\\src\\Illuminate\\Pipeline\\Pipeline.php(103): Illuminate\\Pipeline\\Pipeline->Illuminate\\Pipeline\\{closure}(Object(Illuminate\\Http\\Request))
#27 C:\\Users\\HT\\Desktop\\UtilityQLCL9-tvgspa2-DLL ULTILITY-GSXD_xll\\apiLinkQlda\\vendor\\laravel\\framework\\src\\Illuminate\\Routing\\Router.php(697): Illuminate\\Pipeline\\Pipeline->then(Object(Closure))
#28 C:\\Users\\HT\\Desktop\\UtilityQLCL9-tvgspa2-DLL ULTILITY-GSXD_xll\\apiLinkQlda\\vendor\\laravel\\framework\\src\\Illuminate\\Routing\\Router.php(672): Illuminate\\Routing\\Router->runRouteWithinStack(Object(Illuminate\\Routing\\Route), Object(Illuminate\\Http\\Request))
#29 C:\\Users\\HT\\Desktop\\UtilityQLCL9-tvgspa2-DLL ULTILITY-GSXD_xll\\apiLinkQlda\\vendor\\laravel\\framework\\src\\Illuminate\\Routing\\Router.php(636): Illuminate\\Routing\\Router->runRoute(Object(Illuminate\\Http\\Request), Object(Illuminate\\Routing\\Route))
#30 C:\\Users\\HT\\Desktop\\UtilityQLCL9-tvgspa2-DLL ULTILITY-GSXD_xll\\apiLinkQlda\\vendor\\laravel\\framework\\src\\Illuminate\\Routing\\Router.php(625): Illuminate\\Routing\\Router->dispatchToRoute(Object(Illuminate\\Http\\Request))
#31 C:\\Users\\HT\\Desktop\\UtilityQLCL9-tvgspa2-DLL ULTILITY-GSXD_xll\\apiLinkQlda\\vendor\\laravel\\framework\\src\\Illuminate\\Foundation\\Http\\Kernel.php(166): Illuminate\\Routing\\Router->dispatch(Object(Illuminate\\Http\\Request))
#32 C:\\Users\\HT\\Desktop\\UtilityQLCL9-tvgspa2-DLL ULTILITY-GSXD_xll\\apiLinkQlda\\vendor\\laravel\\framework\\src\\Illuminate\\Pipeline\\Pipeline.php(128): Illuminate\\Foundation\\Http\\Kernel->Illuminate\\Foundation\\Http\\{closure}(Object(Illuminate\\Http\\Request))
#33 C:\\Users\\HT\\Desktop\\UtilityQLCL9-tvgspa2-DLL ULTILITY-GSXD_xll\\apiLinkQlda\\app\\Http\\Middleware\\CheckForMaintenanceMode.php(35): Illuminate\\Pipeline\\Pipeline->Illuminate\\Pipeline\\{closure}(Object(Illuminate\\Http\\Request))
#34 C:\\Users\\HT\\Desktop\\UtilityQLCL9-tvgspa2-DLL ULTILITY-GSXD_xll\\apiLinkQlda\\vendor\\laravel\\framework\\src\\Illuminate\\Pipeline\\Pipeline.php(167): App\\Http\\Middleware\\CheckForMaintenanceMode->handle(Object(Illuminate\\Http\\Request), Object(Closure))
#35 C:\\Users\\HT\\Desktop\\UtilityQLCL9-tvgspa2-DLL ULTILITY-GSXD_xll\\apiLinkQlda\\vendor\\laravel\\framework\\src\\Illuminate\\Foundation\\Http\\Middleware\\TransformsRequest.php(21): Illuminate\\Pipeline\\Pipeline->Illuminate\\Pipeline\\{closure}(Object(Illuminate\\Http\\Request))
#36 C:\\Users\\HT\\Desktop\\UtilityQLCL9-tvgspa2-DLL ULTILITY-GSXD_xll\\apiLinkQlda\\vendor\\laravel\\framework\\src\\Illuminate\\Foundation\\Http\\Middleware\\ConvertEmptyStringsToNull.php(31): Illuminate\\Foundation\\Http\\Middleware\\TransformsRequest->handle(Object(Illuminate\\Http\\Request), Object(Closure))
#37 C:\\Users\\HT\\Desktop\\UtilityQLCL9-tvgspa2-DLL ULTILITY-GSXD_xll\\apiLinkQlda\\vendor\\laravel\\framework\\src\\Illuminate\\Pipeline\\Pipeline.php(167): Illuminate\\Foundation\\Http\\Middleware\\ConvertEmptyStringsToNull->handle(Object(Illuminate\\Http\\Request), Object(Closure))
#38 C:\\Users\\HT\\Desktop\\UtilityQLCL9-tvgspa2-DLL ULTILITY-GSXD_xll\\apiLinkQlda\\app\\Http\\Middleware\\Cors.php(19): Illuminate\\Pipeline\\Pipeline->Illuminate\\Pipeline\\{closure}(Object(Illuminate\\Http\\Request))
#39 C:\\Users\\HT\\Desktop\\UtilityQLCL9-tvgspa2-DLL ULTILITY-GSXD_xll\\apiLinkQlda\\vendor\\laravel\\framework\\src\\Illuminate\\Pipeline\\Pipeline.php(167): App\\Http\\Middleware\\Cors->handle(Object(Illuminate\\Http\\Request), Object(Closure))
#40 C:\\Users\\HT\\Desktop\\UtilityQLCL9-tvgspa2-DLL ULTILITY-GSXD_xll\\apiLinkQlda\\vendor\\laravel\\framework\\src\\Illuminate\\Foundation\\Http\\Middleware\\TransformsRequest.php(21): Illuminate\\Pipeline\\Pipeline->Illuminate\\Pipeline\\{closure}(Object(Illuminate\\Http\\Request))
#41 C:\\Users\\HT\\Desktop\\UtilityQLCL9-tvgspa2-DLL ULTILITY-GSXD_xll\\apiLinkQlda\\vendor\\laravel\\framework\\src\\Illuminate\\Foundation\\Http\\Middleware\\TrimStrings.php(40): Illuminate\\Foundation\\Http\\Middleware\\TransformsRequest->handle(Object(Illuminate\\Http\\Request), Object(Closure))
#42 C:\\Users\\HT\\Desktop\\UtilityQLCL9-tvgspa2-DLL ULTILITY-GSXD_xll\\apiLinkQlda\\vendor\\laravel\\framework\\src\\Illuminate\\Pipeline\\Pipeline.php(167): Illuminate\\Foundation\\Http\\Middleware\\TrimStrings->handle(Object(Illuminate\\Http\\Request), Object(Closure))
#43 C:\\Users\\HT\\Desktop\\UtilityQLCL9-tvgspa2-DLL ULTILITY-GSXD_xll\\apiLinkQlda\\vendor\\laravel\\framework\\src\\Illuminate\\Foundation\\Http\\Middleware\\ValidatePostSize.php(27): Illuminate\\Pipeline\\Pipeline->Illuminate\\Pipeline\\{closure}(Object(Illuminate\\Http\\Request))
#44 C:\\Users\\HT\\Desktop\\UtilityQLCL9-tvgspa2-DLL ULTILITY-GSXD_xll\\apiLinkQlda\\vendor\\laravel\\framework\\src\\Illuminate\\Pipeline\\Pipeline.php(167): Illuminate\\Foundation\\Http\\Middleware\\ValidatePostSize->handle(Object(Illuminate\\Http\\Request), Object(Closure))
#45 C:\\Users\\HT\\Desktop\\UtilityQLCL9-tvgspa2-DLL ULTILITY-GSXD_xll\\apiLinkQlda\\vendor\\fruitcake\\laravel-cors\\src\\HandleCors.php(52): Illuminate\\Pipeline\\Pipeline->Illuminate\\Pipeline\\{closure}(Object(Illuminate\\Http\\Request))
#46 C:\\Users\\HT\\Desktop\\UtilityQLCL9-tvgspa2-DLL ULTILITY-GSXD_xll\\apiLinkQlda\\vendor\\laravel\\framework\\src\\Illuminate\\Pipeline\\Pipeline.php(167): Fruitcake\\Cors\\HandleCors->handle(Object(Illuminate\\Http\\Request), Object(Closure))
#47 C:\\Users\\HT\\Desktop\\UtilityQLCL9-tvgspa2-DLL ULTILITY-GSXD_xll\\apiLinkQlda\\vendor\\fideloper\\proxy\\src\\TrustProxies.php(57): Illuminate\\Pipeline\\Pipeline->Illuminate\\Pipeline\\{closure}(Object(Illuminate\\Http\\Request))
#48 C:\\Users\\HT\\Desktop\\UtilityQLCL9-tvgspa2-DLL ULTILITY-GSXD_xll\\apiLinkQlda\\vendor\\laravel\\framework\\src\\Illuminate\\Pipeline\\Pipeline.php(167): Fideloper\\Proxy\\TrustProxies->handle(Object(Illuminate\\Http\\Request), Object(Closure))
#49 C:\\Users\\HT\\Desktop\\UtilityQLCL9-tvgspa2-DLL ULTILITY-GSXD_xll\\apiLinkQlda\\vendor\\laravel\\framework\\src\\Illuminate\\Pipeline\\Pipeline.php(103): Illuminate\\Pipeline\\Pipeline->Illuminate\\Pipeline\\{closure}(Object(Illuminate\\Http\\Request))
#50 C:\\Users\\HT\\Desktop\\UtilityQLCL9-tvgspa2-DLL ULTILITY-GSXD_xll\\apiLinkQlda\\vendor\\laravel\\framework\\src\\Illuminate\\Foundation\\Http\\Kernel.php(141): Illuminate\\Pipeline\\Pipeline->then(Object(Closure))
#51 C:\\Users\\HT\\Desktop\\UtilityQLCL9-tvgspa2-DLL ULTILITY-GSXD_xll\\apiLinkQlda\\vendor\\laravel\\framework\\src\\Illuminate\\Foundation\\Http\\Kernel.php(110): Illuminate\\Foundation\\Http\\Kernel->sendRequestThroughRouter(Object(Illuminate\\Http\\Request))
#52 C:\\Users\\HT\\Desktop\\UtilityQLCL9-tvgspa2-DLL ULTILITY-GSXD_xll\\apiLinkQlda\\public\\index.php(52): Illuminate\\Foundation\\Http\\Kernel->handle(Object(Illuminate\\Http\\Request))
#53 C:\\Users\\HT\\Desktop\\UtilityQLCL9-tvgspa2-DLL ULTILITY-GSXD_xll\\apiLinkQlda\\server.php(21): require_once('C:\\\\Users\\\\HT\\\\Des...')
#54 {main}

[previous exception] [object] (PDOException(code: 42S22): SQLSTATE[42S22]: Column not found: 1054 Unknown column 'users.deleted_at' in 'where clause' at C:\\Users\\HT\\Desktop\\UtilityQLCL9-tvgspa2-DLL ULTILITY-GSXD_xll\\apiLinkQlda\\vendor\\laravel\\framework\\src\\Illuminate\\Database\\Connection.php:338)
[stacktrace]
#0 C:\\Users\\HT\\Desktop\\UtilityQLCL9-tvgspa2-DLL ULTILITY-GSXD_xll\\apiLinkQlda\\vendor\\laravel\\framework\\src\\Illuminate\\Database\\Connection.php(338): PDO->prepare('select * from `...')
#1 C:\\Users\\HT\\Desktop\\UtilityQLCL9-tvgspa2-DLL ULTILITY-GSXD_xll\\apiLinkQlda\\vendor\\laravel\\framework\\src\\Illuminate\\Database\\Connection.php(671): Illuminate\\Database\\Connection->Illuminate\\Database\\{closure}('select * from `...', Array)
#2 C:\\Users\\HT\\Desktop\\UtilityQLCL9-tvgspa2-DLL ULTILITY-GSXD_xll\\apiLinkQlda\\vendor\\laravel\\framework\\src\\Illuminate\\Database\\Connection.php(638): Illuminate\\Database\\Connection->runQueryCallback('select * from `...', Array, Object(Closure))
#3 C:\\Users\\HT\\Desktop\\UtilityQLCL9-tvgspa2-DLL ULTILITY-GSXD_xll\\apiLinkQlda\\vendor\\laravel\\framework\\src\\Illuminate\\Database\\Connection.php(346): Illuminate\\Database\\Connection->run('select * from `...', Array, Object(Closure))
#4 C:\\Users\\HT\\Desktop\\UtilityQLCL9-tvgspa2-DLL ULTILITY-GSXD_xll\\apiLinkQlda\\vendor\\laravel\\framework\\src\\Illuminate\\Database\\Query\\Builder.php(2315): Illuminate\\Database\\Connection->select('select * from `...', Array, true)
#5 C:\\Users\\HT\\Desktop\\UtilityQLCL9-tvgspa2-DLL ULTILITY-GSXD_xll\\apiLinkQlda\\vendor\\laravel\\framework\\src\\Illuminate\\Database\\Query\\Builder.php(2303): Illuminate\\Database\\Query\\Builder->runSelect()
#6 C:\\Users\\HT\\Desktop\\UtilityQLCL9-tvgspa2-DLL ULTILITY-GSXD_xll\\apiLinkQlda\\vendor\\laravel\\framework\\src\\Illuminate\\Database\\Query\\Builder.php(2867): Illuminate\\Database\\Query\\Builder->Illuminate\\Database\\Query\\{closure}()
#7 C:\\Users\\HT\\Desktop\\UtilityQLCL9-tvgspa2-DLL ULTILITY-GSXD_xll\\apiLinkQlda\\vendor\\laravel\\framework\\src\\Illuminate\\Database\\Query\\Builder.php(2304): Illuminate\\Database\\Query\\Builder->onceWithColumns(Array, Object(Closure))
#8 C:\\Users\\HT\\Desktop\\UtilityQLCL9-tvgspa2-DLL ULTILITY-GSXD_xll\\apiLinkQlda\\vendor\\laravel\\framework\\src\\Illuminate\\Database\\Eloquent\\Builder.php(598): Illuminate\\Database\\Query\\Builder->get(Array)
#9 C:\\Users\\HT\\Desktop\\UtilityQLCL9-tvgspa2-DLL ULTILITY-GSXD_xll\\apiLinkQlda\\vendor\\laravel\\framework\\src\\Illuminate\\Database\\Eloquent\\Builder.php(582): Illuminate\\Database\\Eloquent\\Builder->getModels(Array)
#10 C:\\Users\\HT\\Desktop\\UtilityQLCL9-tvgspa2-DLL ULTILITY-GSXD_xll\\apiLinkQlda\\vendor\\laravel\\framework\\src\\Illuminate\\Database\\Concerns\\BuildsQueries.php(254): Illuminate\\Database\\Eloquent\\Builder->get(Array)
#11 C:\\Users\\HT\\Desktop\\UtilityQLCL9-tvgspa2-DLL ULTILITY-GSXD_xll\\apiLinkQlda\\vendor\\laravel\\framework\\src\\Illuminate\\Auth\\EloquentUserProvider.php(131): Illuminate\\Database\\Eloquent\\Builder->first()
#12 C:\\Users\\HT\\Desktop\\UtilityQLCL9-tvgspa2-DLL ULTILITY-GSXD_xll\\apiLinkQlda\\vendor\\laravel\\framework\\src\\Illuminate\\Auth\\SessionGuard.php(359): Illuminate\\Auth\\EloquentUserProvider->retrieveByCredentials(Array)
#13 C:\\Users\\HT\\Desktop\\UtilityQLCL9-tvgspa2-DLL ULTILITY-GSXD_xll\\apiLinkQlda\\vendor\\laravel\\framework\\src\\Illuminate\\Auth\\AuthManager.php(332): Illuminate\\Auth\\SessionGuard->attempt(Array)
#14 C:\\Users\\HT\\Desktop\\UtilityQLCL9-tvgspa2-DLL ULTILITY-GSXD_xll\\apiLinkQlda\\app\\Http\\Controllers\\PassportAuthController.php(95): Illuminate\\Auth\\AuthManager->__call('attempt', Array)
#15 C:\\Users\\HT\\Desktop\\UtilityQLCL9-tvgspa2-DLL ULTILITY-GSXD_xll\\apiLinkQlda\\vendor\\laravel\\framework\\src\\Illuminate\\Routing\\Controller.php(54): App\\Http\\Controllers\\PassportAuthController->login(Object(Illuminate\\Http\\Request))
#16 C:\\Users\\HT\\Desktop\\UtilityQLCL9-tvgspa2-DLL ULTILITY-GSXD_xll\\apiLinkQlda\\vendor\\laravel\\framework\\src\\Illuminate\\Routing\\ControllerDispatcher.php(45): Illuminate\\Routing\\Controller->callAction('login', Array)
#17 C:\\Users\\HT\\Desktop\\UtilityQLCL9-tvgspa2-DLL ULTILITY-GSXD_xll\\apiLinkQlda\\vendor\\laravel\\framework\\src\\Illuminate\\Routing\\Route.php(254): Illuminate\\Routing\\ControllerDispatcher->dispatch(Object(Illuminate\\Routing\\Route), Object(App\\Http\\Controllers\\PassportAuthController), 'login')
#18 C:\\Users\\HT\\Desktop\\UtilityQLCL9-tvgspa2-DLL ULTILITY-GSXD_xll\\apiLinkQlda\\vendor\\laravel\\framework\\src\\Illuminate\\Routing\\Route.php(197): Illuminate\\Routing\\Route->runController()
#19 C:\\Users\\HT\\Desktop\\UtilityQLCL9-tvgspa2-DLL ULTILITY-GSXD_xll\\apiLinkQlda\\vendor\\laravel\\framework\\src\\Illuminate\\Routing\\Router.php(695): Illuminate\\Routing\\Route->run()
#20 C:\\Users\\HT\\Desktop\\UtilityQLCL9-tvgspa2-DLL ULTILITY-GSXD_xll\\apiLinkQlda\\vendor\\laravel\\framework\\src\\Illuminate\\Pipeline\\Pipeline.php(128): Illuminate\\Routing\\Router->Illuminate\\Routing\\{closure}(Object(Illuminate\\Http\\Request))
#21 C:\\Users\\HT\\Desktop\\UtilityQLCL9-tvgspa2-DLL ULTILITY-GSXD_xll\\apiLinkQlda\\vendor\\fruitcake\\laravel-cors\\src\\HandleCors.php(52): Illuminate\\Pipeline\\Pipeline->Illuminate\\Pipeline\\{closure}(Object(Illuminate\\Http\\Request))
#22 C:\\Users\\HT\\Desktop\\UtilityQLCL9-tvgspa2-DLL ULTILITY-GSXD_xll\\apiLinkQlda\\vendor\\laravel\\framework\\src\\Illuminate\\Pipeline\\Pipeline.php(167): Fruitcake\\Cors\\HandleCors->handle(Object(Illuminate\\Http\\Request), Object(Closure))
#23 C:\\Users\\HT\\Desktop\\UtilityQLCL9-tvgspa2-DLL ULTILITY-GSXD_xll\\apiLinkQlda\\vendor\\laravel\\framework\\src\\Illuminate\\Routing\\Middleware\\SubstituteBindings.php(50): Illuminate\\Pipeline\\Pipeline->Illuminate\\Pipeline\\{closure}(Object(Illuminate\\Http\\Request))
#24 C:\\Users\\HT\\Desktop\\UtilityQLCL9-tvgspa2-DLL ULTILITY-GSXD_xll\\apiLinkQlda\\vendor\\laravel\\framework\\src\\Illuminate\\Pipeline\\Pipeline.php(167): Illuminate\\Routing\\Middleware\\SubstituteBindings->handle(Object(Illuminate\\Http\\Request), Object(Closure))
#25 C:\\Users\\HT\\Desktop\\UtilityQLCL9-tvgspa2-DLL ULTILITY-GSXD_xll\\apiLinkQlda\\vendor\\laravel\\framework\\src\\Illuminate\\Routing\\Middleware\\ThrottleRequests.php(127): Illuminate\\Pipeline\\Pipeline->Illuminate\\Pipeline\\{closure}(Object(Illuminate\\Http\\Request))
#26 C:\\Users\\HT\\Desktop\\UtilityQLCL9-tvgspa2-DLL ULTILITY-GSXD_xll\\apiLinkQlda\\vendor\\laravel\\framework\\src\\Illuminate\\Routing\\Middleware\\ThrottleRequests.php(63): Illuminate\\Routing\\Middleware\\ThrottleRequests->handleRequest(Object(Illuminate\\Http\\Request), Object(Closure), Array)
#27 C:\\Users\\HT\\Desktop\\UtilityQLCL9-tvgspa2-DLL ULTILITY-GSXD_xll\\apiLinkQlda\\vendor\\laravel\\framework\\src\\Illuminate\\Pipeline\\Pipeline.php(167): Illuminate\\Routing\\Middleware\\ThrottleRequests->handle(Object(Illuminate\\Http\\Request), Object(Closure), '60', '1')
#28 C:\\Users\\HT\\Desktop\\UtilityQLCL9-tvgspa2-DLL ULTILITY-GSXD_xll\\apiLinkQlda\\vendor\\laravel\\framework\\src\\Illuminate\\Pipeline\\Pipeline.php(103): Illuminate\\Pipeline\\Pipeline->Illuminate\\Pipeline\\{closure}(Object(Illuminate\\Http\\Request))
#29 C:\\Users\\HT\\Desktop\\UtilityQLCL9-tvgspa2-DLL ULTILITY-GSXD_xll\\apiLinkQlda\\vendor\\laravel\\framework\\src\\Illuminate\\Routing\\Router.php(697): Illuminate\\Pipeline\\Pipeline->then(Object(Closure))
#30 C:\\Users\\HT\\Desktop\\UtilityQLCL9-tvgspa2-DLL ULTILITY-GSXD_xll\\apiLinkQlda\\vendor\\laravel\\framework\\src\\Illuminate\\Routing\\Router.php(672): Illuminate\\Routing\\Router->runRouteWithinStack(Object(Illuminate\\Routing\\Route), Object(Illuminate\\Http\\Request))
#31 C:\\Users\\HT\\Desktop\\UtilityQLCL9-tvgspa2-DLL ULTILITY-GSXD_xll\\apiLinkQlda\\vendor\\laravel\\framework\\src\\Illuminate\\Routing\\Router.php(636): Illuminate\\Routing\\Router->runRoute(Object(Illuminate\\Http\\Request), Object(Illuminate\\Routing\\Route))
#32 C:\\Users\\HT\\Desktop\\UtilityQLCL9-tvgspa2-DLL ULTILITY-GSXD_xll\\apiLinkQlda\\vendor\\laravel\\framework\\src\\Illuminate\\Routing\\Router.php(625): Illuminate\\Routing\\Router->dispatchToRoute(Object(Illuminate\\Http\\Request))
#33 C:\\Users\\HT\\Desktop\\UtilityQLCL9-tvgspa2-DLL ULTILITY-GSXD_xll\\apiLinkQlda\\vendor\\laravel\\framework\\src\\Illuminate\\Foundation\\Http\\Kernel.php(166): Illuminate\\Routing\\Router->dispatch(Object(Illuminate\\Http\\Request))
#34 C:\\Users\\HT\\Desktop\\UtilityQLCL9-tvgspa2-DLL ULTILITY-GSXD_xll\\apiLinkQlda\\vendor\\laravel\\framework\\src\\Illuminate\\Pipeline\\Pipeline.php(128): Illuminate\\Foundation\\Http\\Kernel->Illuminate\\Foundation\\Http\\{closure}(Object(Illuminate\\Http\\Request))
#35 C:\\Users\\HT\\Desktop\\UtilityQLCL9-tvgspa2-DLL ULTILITY-GSXD_xll\\apiLinkQlda\\app\\Http\\Middleware\\CheckForMaintenanceMode.php(35): Illuminate\\Pipeline\\Pipeline->Illuminate\\Pipeline\\{closure}(Object(Illuminate\\Http\\Request))
#36 C:\\Users\\HT\\Desktop\\UtilityQLCL9-tvgspa2-DLL ULTILITY-GSXD_xll\\apiLinkQlda\\vendor\\laravel\\framework\\src\\Illuminate\\Pipeline\\Pipeline.php(167): App\\Http\\Middleware\\CheckForMaintenanceMode->handle(Object(Illuminate\\Http\\Request), Object(Closure))
#37 C:\\Users\\HT\\Desktop\\UtilityQLCL9-tvgspa2-DLL ULTILITY-GSXD_xll\\apiLinkQlda\\vendor\\laravel\\framework\\src\\Illuminate\\Foundation\\Http\\Middleware\\TransformsRequest.php(21): Illuminate\\Pipeline\\Pipeline->Illuminate\\Pipeline\\{closure}(Object(Illuminate\\Http\\Request))
#38 C:\\Users\\HT\\Desktop\\UtilityQLCL9-tvgspa2-DLL ULTILITY-GSXD_xll\\apiLinkQlda\\vendor\\laravel\\framework\\src\\Illuminate\\Foundation\\Http\\Middleware\\ConvertEmptyStringsToNull.php(31): Illuminate\\Foundation\\Http\\Middleware\\TransformsRequest->handle(Object(Illuminate\\Http\\Request), Object(Closure))
#39 C:\\Users\\HT\\Desktop\\UtilityQLCL9-tvgspa2-DLL ULTILITY-GSXD_xll\\apiLinkQlda\\vendor\\laravel\\framework\\src\\Illuminate\\Pipeline\\Pipeline.php(167): Illuminate\\Foundation\\Http\\Middleware\\ConvertEmptyStringsToNull->handle(Object(Illuminate\\Http\\Request), Object(Closure))
#40 C:\\Users\\HT\\Desktop\\UtilityQLCL9-tvgspa2-DLL ULTILITY-GSXD_xll\\apiLinkQlda\\app\\Http\\Middleware\\Cors.php(19): Illuminate\\Pipeline\\Pipeline->Illuminate\\Pipeline\\{closure}(Object(Illuminate\\Http\\Request))
#41 C:\\Users\\HT\\Desktop\\UtilityQLCL9-tvgspa2-DLL ULTILITY-GSXD_xll\\apiLinkQlda\\vendor\\laravel\\framework\\src\\Illuminate\\Pipeline\\Pipeline.php(167): App\\Http\\Middleware\\Cors->handle(Object(Illuminate\\Http\\Request), Object(Closure))
#42 C:\\Users\\HT\\Desktop\\UtilityQLCL9-tvgspa2-DLL ULTILITY-GSXD_xll\\apiLinkQlda\\vendor\\laravel\\framework\\src\\Illuminate\\Foundation\\Http\\Middleware\\TransformsRequest.php(21): Illuminate\\Pipeline\\Pipeline->Illuminate\\Pipeline\\{closure}(Object(Illuminate\\Http\\Request))
#43 C:\\Users\\HT\\Desktop\\UtilityQLCL9-tvgspa2-DLL ULTILITY-GSXD_xll\\apiLinkQlda\\vendor\\laravel\\framework\\src\\Illuminate\\Foundation\\Http\\Middleware\\TrimStrings.php(40): Illuminate\\Foundation\\Http\\Middleware\\TransformsRequest->handle(Object(Illuminate\\Http\\Request), Object(Closure))
#44 C:\\Users\\HT\\Desktop\\UtilityQLCL9-tvgspa2-DLL ULTILITY-GSXD_xll\\apiLinkQlda\\vendor\\laravel\\framework\\src\\Illuminate\\Pipeline\\Pipeline.php(167): Illuminate\\Foundation\\Http\\Middleware\\TrimStrings->handle(Object(Illuminate\\Http\\Request), Object(Closure))
#45 C:\\Users\\HT\\Desktop\\UtilityQLCL9-tvgspa2-DLL ULTILITY-GSXD_xll\\apiLinkQlda\\vendor\\laravel\\framework\\src\\Illuminate\\Foundation\\Http\\Middleware\\ValidatePostSize.php(27): Illuminate\\Pipeline\\Pipeline->Illuminate\\Pipeline\\{closure}(Object(Illuminate\\Http\\Request))
#46 C:\\Users\\HT\\Desktop\\UtilityQLCL9-tvgspa2-DLL ULTILITY-GSXD_xll\\apiLinkQlda\\vendor\\laravel\\framework\\src\\Illuminate\\Pipeline\\Pipeline.php(167): Illuminate\\Foundation\\Http\\Middleware\\ValidatePostSize->handle(Object(Illuminate\\Http\\Request), Object(Closure))
#47 C:\\Users\\HT\\Desktop\\UtilityQLCL9-tvgspa2-DLL ULTILITY-GSXD_xll\\apiLinkQlda\\vendor\\fruitcake\\laravel-cors\\src\\HandleCors.php(52): Illuminate\\Pipeline\\Pipeline->Illuminate\\Pipeline\\{closure}(Object(Illuminate\\Http\\Request))
#48 C:\\Users\\HT\\Desktop\\UtilityQLCL9-tvgspa2-DLL ULTILITY-GSXD_xll\\apiLinkQlda\\vendor\\laravel\\framework\\src\\Illuminate\\Pipeline\\Pipeline.php(167): Fruitcake\\Cors\\HandleCors->handle(Object(Illuminate\\Http\\Request), Object(Closure))
#49 C:\\Users\\HT\\Desktop\\UtilityQLCL9-tvgspa2-DLL ULTILITY-GSXD_xll\\apiLinkQlda\\vendor\\fideloper\\proxy\\src\\TrustProxies.php(57): Illuminate\\Pipeline\\Pipeline->Illuminate\\Pipeline\\{closure}(Object(Illuminate\\Http\\Request))
#50 C:\\Users\\HT\\Desktop\\UtilityQLCL9-tvgspa2-DLL ULTILITY-GSXD_xll\\apiLinkQlda\\vendor\\laravel\\framework\\src\\Illuminate\\Pipeline\\Pipeline.php(167): Fideloper\\Proxy\\TrustProxies->handle(Object(Illuminate\\Http\\Request), Object(Closure))
#51 C:\\Users\\HT\\Desktop\\UtilityQLCL9-tvgspa2-DLL ULTILITY-GSXD_xll\\apiLinkQlda\\vendor\\laravel\\framework\\src\\Illuminate\\Pipeline\\Pipeline.php(103): Illuminate\\Pipeline\\Pipeline->Illuminate\\Pipeline\\{closure}(Object(Illuminate\\Http\\Request))
#52 C:\\Users\\HT\\Desktop\\UtilityQLCL9-tvgspa2-DLL ULTILITY-GSXD_xll\\apiLinkQlda\\vendor\\laravel\\framework\\src\\Illuminate\\Foundation\\Http\\Kernel.php(141): Illuminate\\Pipeline\\Pipeline->then(Object(Closure))
#53 C:\\Users\\HT\\Desktop\\UtilityQLCL9-tvgspa2-DLL ULTILITY-GSXD_xll\\apiLinkQlda\\vendor\\laravel\\framework\\src\\Illuminate\\Foundation\\Http\\Kernel.php(110): Illuminate\\Foundation\\Http\\Kernel->sendRequestThroughRouter(Object(Illuminate\\Http\\Request))
#54 C:\\Users\\HT\\Desktop\\UtilityQLCL9-tvgspa2-DLL ULTILITY-GSXD_xll\\apiLinkQlda\\public\\index.php(52): Illuminate\\Foundation\\Http\\Kernel->handle(Object(Illuminate\\Http\\Request))
#55 C:\\Users\\HT\\Desktop\\UtilityQLCL9-tvgspa2-DLL ULTILITY-GSXD_xll\\apiLinkQlda\\server.php(21): require_once('C:\\\\Users\\\\HT\\\\Des...')
#56 {main}
"} 
